[GIN-debug] [WARNING] Creating an Engine instance with the Logger and Recovery middleware already attached.

[GIN-debug] [WARNING] Running in "debug" mode. Switch to "release" mode in production.
 - using env:	export GIN_MODE=release
 - using code:	gin.SetMode(gin.ReleaseMode)

[GIN-debug] GET    /                         --> main.main.func2 (5 handlers)
[GIN-debug] POST   /test                     --> main.main.func3 (5 handlers)
[GIN-debug] POST   /login                    --> main.main.func4 (5 handlers)
[GIN-debug] GET    /show_track_order         --> main.main.func5 (5 handlers)
[GIN-debug] POST   /show_restock             --> main.main.func6 (5 handlers)
[GIN-debug] POST   /show_accounts_receivable --> main.main.func7 (5 handlers)
[GIN-debug] POST   /show_cutomer_info        --> main.main.func8 (5 handlers)
[GIN-debug] POST   /insert_show_track_order  --> main.main.func9 (5 handlers)
[GIN-debug] POST   /insert_accounts_receivable --> main.main.func10 (5 handlers)
[GIN-debug] POST   /insert_customer_data     --> main.main.func11 (5 handlers)
[GIN-debug] Listening and serving HTTP on :8080
Error: Error 1054 (42S22): Unknown column 'b.join_date' in 'field list'
[GIN] 2023/12/17 - 15:08:15 | 500 |    9.568239ms |  140.128.101.15 | POST     "/show_accounts_receivable"
Error: Error 1054 (42S22): Unknown column 'b.join_date' in 'field list'
[GIN] 2023/12/17 - 15:13:09 | 500 |    4.848961ms |  140.128.101.15 | POST     "/show_accounts_receivable"
[GIN-debug] [WARNING] Creating an Engine instance with the Logger and Recovery middleware already attached.

[GIN-debug] [WARNING] Running in "debug" mode. Switch to "release" mode in production.
 - using env:	export GIN_MODE=release
 - using code:	gin.SetMode(gin.ReleaseMode)

[GIN-debug] GET    /                         --> main.main.func2 (5 handlers)
[GIN-debug] POST   /test                     --> main.main.func3 (5 handlers)
[GIN-debug] POST   /login                    --> main.main.func4 (5 handlers)
[GIN-debug] GET    /show_track_order         --> main.main.func5 (5 handlers)
[GIN-debug] POST   /show_restock             --> main.main.func6 (5 handlers)
[GIN-debug] POST   /show_accounts_receivable --> main.main.func7 (5 handlers)
[GIN-debug] POST   /show_cutomer_info        --> main.main.func8 (5 handlers)
[GIN-debug] POST   /insert_show_track_order  --> main.main.func9 (5 handlers)
[GIN-debug] POST   /insert_accounts_receivable --> main.main.func10 (5 handlers)
[GIN-debug] POST   /insert_customer_data     --> main.main.func11 (5 handlers)
[GIN-debug] Listening and serving HTTP on :8080
2
[{2 test2 2 2 2 job2 816 674  yes}]
[GIN] 2023/12/17 - 15:13:52 | 200 |    3.546835ms |  140.128.101.15 | POST     "/show_accounts_receivable"
2
[{2 2 test2 2 2 job2 2 2023-12-02 yes}]
[GIN] 2023/12/17 - 15:13:56 | 200 |    1.752807ms |  140.128.101.15 | POST     "/show_cutomer_info"
2 2
[GIN] 2023/12/17 - 15:28:06 | 200 |    1.736482ms |  140.128.101.15 | POST     "/login"
<nil>
[]
[GIN] 2023/12/17 - 15:28:06 | 200 |    2.909109ms |  140.128.101.15 | GET      "/show_track_order"
2 2
[GIN] 2023/12/17 - 15:28:43 | 200 |    3.219407ms |  140.128.101.15 | POST     "/login"
<nil>
[]
[GIN] 2023/12/17 - 15:28:43 | 200 |    2.618713ms |  140.128.101.15 | GET      "/show_track_order"
2 2
[GIN] 2023/12/17 - 15:39:33 | 200 |     1.49747ms |  140.128.101.15 | POST     "/login"
<nil>
[]
[GIN] 2023/12/17 - 15:39:33 | 200 |    2.774338ms |  140.128.101.15 | GET      "/show_track_order"
2 2
[GIN] 2023/12/17 - 15:41:30 | 200 |    2.103082ms |  140.128.101.15 | POST     "/login"
<nil>
[]
[GIN] 2023/12/17 - 15:41:30 | 200 |     2.61667ms |  140.128.101.15 | GET      "/show_track_order"
[GIN-debug] [WARNING] Creating an Engine instance with the Logger and Recovery middleware already attached.

[GIN-debug] [WARNING] Running in "debug" mode. Switch to "release" mode in production.
 - using env:	export GIN_MODE=release
 - using code:	gin.SetMode(gin.ReleaseMode)

[GIN-debug] GET    /                         --> main.main.func2 (5 handlers)
[GIN-debug] POST   /test                     --> main.main.func3 (5 handlers)
[GIN-debug] POST   /login                    --> main.main.func4 (5 handlers)
[GIN-debug] GET    /show_track_order         --> main.main.func5 (5 handlers)
[GIN-debug] POST   /show_restock             --> main.main.func6 (5 handlers)
[GIN-debug] POST   /show_accounts_receivable --> main.main.func7 (5 handlers)
[GIN-debug] POST   /show_cutomer_info        --> main.main.func8 (5 handlers)
[GIN-debug] POST   /insert_show_track_order  --> main.main.func9 (5 handlers)
[GIN-debug] POST   /insert_accounts_receivable --> main.main.func10 (5 handlers)
[GIN-debug] POST   /insert_customer_data     --> main.main.func11 (5 handlers)
[GIN-debug] Listening and serving HTTP on :8080
